<?xml version="1.0" encoding="UTF-8"?>
<testng-results skipped="0" failed="0" ignored="0" total="2" passed="2">
  <reporter-output>
  </reporter-output>
  <suite name="Default suite" duration-ms="58841" started-at="2018-10-20T17:32:14Z" finished-at="2018-10-20T17:33:13Z">
    <groups>
    </groups>
    <test name="Default test" duration-ms="58841" started-at="2018-10-20T17:32:14Z" finished-at="2018-10-20T17:33:13Z">
      <class name="Test.Test">
        <test-method status="PASS" signature="setup()[pri:0, instance:Test.Test@6a4f787b]" name="setup" is-config="true" duration-ms="26744" started-at="2018-10-20T17:32:14Z" finished-at="2018-10-20T17:32:41Z">
          <reporter-output>
          </reporter-output>
        </test-method> <!-- setup -->
        <test-method status="PASS" signature="test_Home_Page_Appear_Correct()[pri:0, instance:Test.Test@6a4f787b]" name="test_Home_Page_Appear_Correct" duration-ms="10847" started-at="2018-10-20T17:32:41Z" finished-at="2018-10-20T17:32:52Z">
          <reporter-output>
          </reporter-output>
        </test-method> <!-- test_Home_Page_Appear_Correct -->
        <test-method status="PASS" signature="customer()[pri:1, instance:Test.Test@6a4f787b]" name="customer" duration-ms="21187" started-at="2018-10-20T17:32:52Z" finished-at="2018-10-20T17:33:13Z">
          <reporter-output>
          </reporter-output>
        </test-method> <!-- customer -->
      </class> <!-- Test.Test -->
    </test> <!-- Default test -->
  </suite> <!-- Default suite -->
</testng-results>
